-encoding
UTF-8
-outxml
-source
6
-target
6
-classpath
C:\Users\Cristhian\.m2\repository\junit\junit\4.11\junit-4.11.jar;C:\Users\Cristhian\.m2\repository\log4j\log4j\1.2.17\log4j-1.2.17.jar;C:\Users\Cristhian\.m2\repository\org\slf4j\slf4j-api\1.7.5\slf4j-api-1.7.5.jar;C:\Users\Cristhian\.m2\repository\org\slf4j\jcl-over-slf4j\1.7.5\jcl-over-slf4j-1.7.5.jar;C:\Users\Cristhian\.m2\repository\org\slf4j\slf4j-log4j12\1.7.5\slf4j-log4j12-1.7.5.jar;C:\Users\Cristhian\.m2\repository\org\aspectj\aspectjrt\1.8.1\aspectjrt-1.8.1.jar;C:\Users\Cristhian\.m2\repository\org\aspectj\aspectjweaver\1.8.1\aspectjweaver-1.8.1.jar;C:\Users\Cristhian\.m2\repository\javax\servlet\servlet-api\2.5\servlet-api-2.5.jar;C:\Users\Cristhian\.m2\repository\net\sf\flexjson\flexjson\2.1\flexjson-2.1.jar;C:\Users\Cristhian\.m2\repository\org\apache\commons\commons-lang3\3.1\commons-lang3-3.1.jar;C:\Users\Cristhian\.m2\repository\org\springframework\roo\org.springframework.roo.annotations\1.3.1.RELEASE\org.springframework.roo.annotations-1.3.1.RELEASE.jar;C:\Users\Cristhian\.m2\repository\org\springframework\spring-core\3.2.8.RELEASE\spring-core-3.2.8.RELEASE.jar;C:\Users\Cristhian\.m2\repository\org\springframework\spring-test\3.2.8.RELEASE\spring-test-3.2.8.RELEASE.jar;C:\Users\Cristhian\.m2\repository\org\springframework\spring-context\3.2.8.RELEASE\spring-context-3.2.8.RELEASE.jar;C:\Users\Cristhian\.m2\repository\org\springframework\spring-aop\3.2.8.RELEASE\spring-aop-3.2.8.RELEASE.jar;C:\Users\Cristhian\.m2\repository\org\springframework\spring-aspects\3.2.8.RELEASE\spring-aspects-3.2.8.RELEASE.jar;C:\Users\Cristhian\.m2\repository\mysql\mysql-connector-java\5.1.18\mysql-connector-java-5.1.18.jar;C:\Users\Cristhian\.m2\repository\org\hibernate\hibernate-core\4.3.6.Final\hibernate-core-4.3.6.Final.jar;C:\Users\Cristhian\.m2\repository\org\hibernate\hibernate-entitymanager\4.3.6.Final\hibernate-entitymanager-4.3.6.Final.jar;C:\Users\Cristhian\.m2\repository\org\hibernate\javax\persistence\hibernate-jpa-2.1-api\1.0.0.Final\hibernate-jpa-2.1-api-1.0.0.Final.jar;C:\Users\Cristhian\.m2\repository\commons-collections\commons-collections\3.2.1\commons-collections-3.2.1.jar;C:\Users\Cristhian\.m2\repository\org\hibernate\hibernate-validator\4.3.2.Final\hibernate-validator-4.3.2.Final.jar;C:\Users\Cristhian\.m2\repository\javax\validation\validation-api\1.0.0.GA\validation-api-1.0.0.GA.jar;C:\Users\Cristhian\.m2\repository\javax\transaction\jta\1.1\jta-1.1.jar;C:\Users\Cristhian\.m2\repository\org\springframework\spring-jdbc\3.2.8.RELEASE\spring-jdbc-3.2.8.RELEASE.jar;C:\Users\Cristhian\.m2\repository\org\springframework\spring-orm\3.2.8.RELEASE\spring-orm-3.2.8.RELEASE.jar;C:\Users\Cristhian\.m2\repository\commons-pool\commons-pool\1.5.6\commons-pool-1.5.6.jar;C:\Users\Cristhian\.m2\repository\commons-dbcp\commons-dbcp\1.4\commons-dbcp-1.4.jar;C:\Users\Cristhian\.m2\repository\org\springframework\data\spring-data-jpa\1.4.3.RELEASE\spring-data-jpa-1.4.3.RELEASE.jar;C:\Users\Cristhian\.m2\repository\org\springframework\spring-webmvc\3.2.8.RELEASE\spring-webmvc-3.2.8.RELEASE.jar;C:\Users\Cristhian\.m2\repository\org\springframework\webflow\spring-js-resources\2.2.1.RELEASE\spring-js-resources-2.2.1.RELEASE.jar;C:\Users\Cristhian\.m2\repository\commons-digester\commons-digester\2.1\commons-digester-2.1.jar;C:\Users\Cristhian\.m2\repository\commons-fileupload\commons-fileupload\1.2.2\commons-fileupload-1.2.2.jar;C:\Users\Cristhian\.m2\repository\javax\servlet\jsp\jstl\jstl-api\1.2\jstl-api-1.2.jar;C:\Users\Cristhian\.m2\repository\org\glassfish\web\jstl-impl\1.2\jstl-impl-1.2.jar;C:\Users\Cristhian\.m2\repository\javax\el\el-api\2.2\el-api-2.2.jar;C:\Users\Cristhian\.m2\repository\joda-time\joda-time\1.6\joda-time-1.6.jar;C:\Users\Cristhian\.m2\repository\javax\servlet\jsp\jsp-api\2.1\jsp-api-2.1.jar;C:\Users\Cristhian\.m2\repository\commons-codec\commons-codec\1.5\commons-codec-1.5.jar;C:\Users\Cristhian\.m2\repository\org\apache\tiles\tiles-jsp\2.2.2\tiles-jsp-2.2.2.jar;C:\Users\Cristhian\.m2\repository\org\springframework\security\spring-security-core\3.2.5.RELEASE\spring-security-core-3.2.5.RELEASE.jar;C:\Users\Cristhian\.m2\repository\org\springframework\security\spring-security-config\3.2.5.RELEASE\spring-security-config-3.2.5.RELEASE.jar;C:\Users\Cristhian\.m2\repository\org\springframework\security\spring-security-web\3.2.5.RELEASE\spring-security-web-3.2.5.RELEASE.jar;C:\Users\Cristhian\.m2\repository\org\springframework\security\spring-security-taglibs\3.2.5.RELEASE\spring-security-taglibs-3.2.5.RELEASE.jar;C:\Users\Cristhian\.m2\repository\commons-io\commons-io\2.4\commons-io-2.4.jar;C:\Users\Cristhian\.m2\repository\org\springframework\spring-beans\3.2.8.RELEASE\spring-beans-3.2.8.RELEASE.jar;C:\Users\Cristhian\.m2\repository\org\springframework\spring-expression\3.2.8.RELEASE\spring-expression-3.2.8.RELEASE.jar;C:\Users\Cristhian\.m2\repository\aopalliance\aopalliance\1.0\aopalliance-1.0.jar;C:\Users\Cristhian\.m2\repository\org\jboss\logging\jboss-logging\3.1.3.GA\jboss-logging-3.1.3.GA.jar;C:\Users\Cristhian\.m2\repository\org\jboss\logging\jboss-logging-annotations\1.2.0.Beta1\jboss-logging-annotations-1.2.0.Beta1.jar;C:\Users\Cristhian\.m2\repository\org\jboss\spec\javax\transaction\jboss-transaction-api_1.2_spec\1.0.0.Final\jboss-transaction-api_1.2_spec-1.0.0.Final.jar;C:\Users\Cristhian\.m2\repository\dom4j\dom4j\1.6.1\dom4j-1.6.1.jar;C:\Users\Cristhian\.m2\repository\xml-apis\xml-apis\1.0.b2\xml-apis-1.0.b2.jar;C:\Users\Cristhian\.m2\repository\org\hibernate\common\hibernate-commons-annotations\4.0.5.Final\hibernate-commons-annotations-4.0.5.Final.jar;C:\Users\Cristhian\.m2\repository\org\javassist\javassist\3.18.1-GA\javassist-3.18.1-GA.jar;C:\Users\Cristhian\.m2\repository\antlr\antlr\2.7.7\antlr-2.7.7.jar;C:\Users\Cristhian\.m2\repository\org\jboss\jandex\1.1.0.Final\jandex-1.1.0.Final.jar;C:\Users\Cristhian\.m2\repository\org\springframework\spring-tx\3.2.8.RELEASE\spring-tx-3.2.8.RELEASE.jar;C:\Users\Cristhian\.m2\repository\org\springframework\data\spring-data-commons\1.6.3.RELEASE\spring-data-commons-1.6.3.RELEASE.jar;C:\Users\Cristhian\.m2\repository\org\springframework\spring-web\3.2.8.RELEASE\spring-web-3.2.8.RELEASE.jar;C:\Users\Cristhian\.m2\repository\commons-beanutils\commons-beanutils\1.8.3\commons-beanutils-1.8.3.jar;C:\Users\Cristhian\.m2\repository\org\apache\tiles\tiles-servlet\2.2.2\tiles-servlet-2.2.2.jar;C:\Users\Cristhian\.m2\repository\org\apache\tiles\tiles-core\2.2.2\tiles-core-2.2.2.jar;C:\Users\Cristhian\.m2\repository\org\apache\tiles\tiles-template\2.2.2\tiles-template-2.2.2.jar;C:\Users\Cristhian\.m2\repository\org\apache\tiles\tiles-api\2.2.2\tiles-api-2.2.2.jar;C:\Users\Cristhian\.m2\repository\org\springframework\security\spring-security-acl\3.2.5.RELEASE\spring-security-acl-3.2.5.RELEASE.jar;C:\Users\Cristhian\Downloads\workspace\LegisNews\target\classes
-aspectpath
C:\Users\Cristhian\.m2\repository\org\springframework\spring-aspects\3.2.8.RELEASE\spring-aspects-3.2.8.RELEASE.jar
-d
C:\Users\Cristhian\Downloads\workspace\LegisNews\target\classes
C:\Users\Cristhian\Downloads\workspace\LegisNews\src\main\java\com\legis\demo\controller\ActivityController.java
C:\Users\Cristhian\Downloads\workspace\LegisNews\src\main\java\com\legis\demo\controller\ActivityController_Roo_Controller.aj
C:\Users\Cristhian\Downloads\workspace\LegisNews\src\main\java\com\legis\demo\controller\ApplicationConversionServiceFactoryBean.java
C:\Users\Cristhian\Downloads\workspace\LegisNews\src\main\java\com\legis\demo\controller\ApplicationConversionServiceFactoryBean_Roo_ConversionService.aj
C:\Users\Cristhian\Downloads\workspace\LegisNews\src\main\java\com\legis\demo\controller\AutorController.java
C:\Users\Cristhian\Downloads\workspace\LegisNews\src\main\java\com\legis\demo\controller\AutorController_Roo_Controller.aj
C:\Users\Cristhian\Downloads\workspace\LegisNews\src\main\java\com\legis\demo\controller\BookController.java
C:\Users\Cristhian\Downloads\workspace\LegisNews\src\main\java\com\legis\demo\controller\BookController_Roo_Controller.aj
C:\Users\Cristhian\Downloads\workspace\LegisNews\src\main\java\com\legis\demo\controller\CategoryController.java
C:\Users\Cristhian\Downloads\workspace\LegisNews\src\main\java\com\legis\demo\controller\CategoryController_Roo_Controller.aj
C:\Users\Cristhian\Downloads\workspace\LegisNews\src\main\java\com\legis\demo\controller\CommentController.java
C:\Users\Cristhian\Downloads\workspace\LegisNews\src\main\java\com\legis\demo\controller\CommentController_Roo_Controller.aj
C:\Users\Cristhian\Downloads\workspace\LegisNews\src\main\java\com\legis\demo\controller\FavoriteController.java
C:\Users\Cristhian\Downloads\workspace\LegisNews\src\main\java\com\legis\demo\controller\FavoriteController_Roo_Controller.aj
C:\Users\Cristhian\Downloads\workspace\LegisNews\src\main\java\com\legis\demo\controller\NewsController.java
C:\Users\Cristhian\Downloads\workspace\LegisNews\src\main\java\com\legis\demo\controller\NewsController_Roo_Controller.aj
C:\Users\Cristhian\Downloads\workspace\LegisNews\src\main\java\com\legis\demo\controller\PublicationController.java
C:\Users\Cristhian\Downloads\workspace\LegisNews\src\main\java\com\legis\demo\controller\PublicationController_Roo_Controller.aj
C:\Users\Cristhian\Downloads\workspace\LegisNews\src\main\java\com\legis\demo\dao\ActivityDAO.java
C:\Users\Cristhian\Downloads\workspace\LegisNews\src\main\java\com\legis\demo\dao\ActivityDAO_Roo_Jpa_Repository.aj
C:\Users\Cristhian\Downloads\workspace\LegisNews\src\main\java\com\legis\demo\dao\AutorDAO.java
C:\Users\Cristhian\Downloads\workspace\LegisNews\src\main\java\com\legis\demo\dao\AutorDAO_Roo_Jpa_Repository.aj
C:\Users\Cristhian\Downloads\workspace\LegisNews\src\main\java\com\legis\demo\dao\BookDAO.java
C:\Users\Cristhian\Downloads\workspace\LegisNews\src\main\java\com\legis\demo\dao\BookDAO_Roo_Jpa_Repository.aj
C:\Users\Cristhian\Downloads\workspace\LegisNews\src\main\java\com\legis\demo\dao\CategoryDAO.java
C:\Users\Cristhian\Downloads\workspace\LegisNews\src\main\java\com\legis\demo\dao\CategoryDAO_Roo_Jpa_Repository.aj
C:\Users\Cristhian\Downloads\workspace\LegisNews\src\main\java\com\legis\demo\dao\CommentDAO.java
C:\Users\Cristhian\Downloads\workspace\LegisNews\src\main\java\com\legis\demo\dao\CommentDAO_Roo_Jpa_Repository.aj
C:\Users\Cristhian\Downloads\workspace\LegisNews\src\main\java\com\legis\demo\dao\FavoriteDAO.java
C:\Users\Cristhian\Downloads\workspace\LegisNews\src\main\java\com\legis\demo\dao\FavoriteDAO_Roo_Jpa_Repository.aj
C:\Users\Cristhian\Downloads\workspace\LegisNews\src\main\java\com\legis\demo\dao\NewsDAO.java
C:\Users\Cristhian\Downloads\workspace\LegisNews\src\main\java\com\legis\demo\dao\NewsDAO_Roo_Jpa_Repository.aj
C:\Users\Cristhian\Downloads\workspace\LegisNews\src\main\java\com\legis\demo\dao\PublicationDAO.java
C:\Users\Cristhian\Downloads\workspace\LegisNews\src\main\java\com\legis\demo\dao\PublicationDAO_Roo_Jpa_Repository.aj
C:\Users\Cristhian\Downloads\workspace\LegisNews\src\main\java\com\legis\demo\domain\Activity.java
C:\Users\Cristhian\Downloads\workspace\LegisNews\src\main\java\com\legis\demo\domain\Activity_Roo_Configurable.aj
C:\Users\Cristhian\Downloads\workspace\LegisNews\src\main\java\com\legis\demo\domain\Activity_Roo_JavaBean.aj
C:\Users\Cristhian\Downloads\workspace\LegisNews\src\main\java\com\legis\demo\domain\Activity_Roo_Jpa_ActiveRecord.aj
C:\Users\Cristhian\Downloads\workspace\LegisNews\src\main\java\com\legis\demo\domain\Activity_Roo_Jpa_Entity.aj
C:\Users\Cristhian\Downloads\workspace\LegisNews\src\main\java\com\legis\demo\domain\Activity_Roo_ToString.aj
C:\Users\Cristhian\Downloads\workspace\LegisNews\src\main\java\com\legis\demo\domain\Autor.java
C:\Users\Cristhian\Downloads\workspace\LegisNews\src\main\java\com\legis\demo\domain\Autor_Roo_Configurable.aj
C:\Users\Cristhian\Downloads\workspace\LegisNews\src\main\java\com\legis\demo\domain\Autor_Roo_JavaBean.aj
C:\Users\Cristhian\Downloads\workspace\LegisNews\src\main\java\com\legis\demo\domain\Autor_Roo_Jpa_ActiveRecord.aj
C:\Users\Cristhian\Downloads\workspace\LegisNews\src\main\java\com\legis\demo\domain\Autor_Roo_Jpa_Entity.aj
C:\Users\Cristhian\Downloads\workspace\LegisNews\src\main\java\com\legis\demo\domain\Autor_Roo_ToString.aj
C:\Users\Cristhian\Downloads\workspace\LegisNews\src\main\java\com\legis\demo\domain\Book.java
C:\Users\Cristhian\Downloads\workspace\LegisNews\src\main\java\com\legis\demo\domain\Book_Roo_Configurable.aj
C:\Users\Cristhian\Downloads\workspace\LegisNews\src\main\java\com\legis\demo\domain\Book_Roo_Jpa_ActiveRecord.aj
C:\Users\Cristhian\Downloads\workspace\LegisNews\src\main\java\com\legis\demo\domain\Book_Roo_Jpa_Entity.aj
C:\Users\Cristhian\Downloads\workspace\LegisNews\src\main\java\com\legis\demo\domain\Book_Roo_ToString.aj
C:\Users\Cristhian\Downloads\workspace\LegisNews\src\main\java\com\legis\demo\domain\Category.java
C:\Users\Cristhian\Downloads\workspace\LegisNews\src\main\java\com\legis\demo\domain\Category_Roo_Configurable.aj
C:\Users\Cristhian\Downloads\workspace\LegisNews\src\main\java\com\legis\demo\domain\Category_Roo_JavaBean.aj
C:\Users\Cristhian\Downloads\workspace\LegisNews\src\main\java\com\legis\demo\domain\Category_Roo_Jpa_ActiveRecord.aj
C:\Users\Cristhian\Downloads\workspace\LegisNews\src\main\java\com\legis\demo\domain\Category_Roo_Jpa_Entity.aj
C:\Users\Cristhian\Downloads\workspace\LegisNews\src\main\java\com\legis\demo\domain\Category_Roo_ToString.aj
C:\Users\Cristhian\Downloads\workspace\LegisNews\src\main\java\com\legis\demo\domain\Comment.java
C:\Users\Cristhian\Downloads\workspace\LegisNews\src\main\java\com\legis\demo\domain\Comment_Roo_Configurable.aj
C:\Users\Cristhian\Downloads\workspace\LegisNews\src\main\java\com\legis\demo\domain\Comment_Roo_Jpa_ActiveRecord.aj
C:\Users\Cristhian\Downloads\workspace\LegisNews\src\main\java\com\legis\demo\domain\Comment_Roo_Jpa_Entity.aj
C:\Users\Cristhian\Downloads\workspace\LegisNews\src\main\java\com\legis\demo\domain\Comment_Roo_ToString.aj
C:\Users\Cristhian\Downloads\workspace\LegisNews\src\main\java\com\legis\demo\domain\Favorite.java
C:\Users\Cristhian\Downloads\workspace\LegisNews\src\main\java\com\legis\demo\domain\Favorite_Roo_Configurable.aj
C:\Users\Cristhian\Downloads\workspace\LegisNews\src\main\java\com\legis\demo\domain\Favorite_Roo_Jpa_ActiveRecord.aj
C:\Users\Cristhian\Downloads\workspace\LegisNews\src\main\java\com\legis\demo\domain\Favorite_Roo_Jpa_Entity.aj
C:\Users\Cristhian\Downloads\workspace\LegisNews\src\main\java\com\legis\demo\domain\Favorite_Roo_ToString.aj
C:\Users\Cristhian\Downloads\workspace\LegisNews\src\main\java\com\legis\demo\domain\News.java
C:\Users\Cristhian\Downloads\workspace\LegisNews\src\main\java\com\legis\demo\domain\News_Roo_Configurable.aj
C:\Users\Cristhian\Downloads\workspace\LegisNews\src\main\java\com\legis\demo\domain\News_Roo_Jpa_ActiveRecord.aj
C:\Users\Cristhian\Downloads\workspace\LegisNews\src\main\java\com\legis\demo\domain\News_Roo_Jpa_Entity.aj
C:\Users\Cristhian\Downloads\workspace\LegisNews\src\main\java\com\legis\demo\domain\News_Roo_ToString.aj
C:\Users\Cristhian\Downloads\workspace\LegisNews\src\main\java\com\legis\demo\domain\Publication.java
C:\Users\Cristhian\Downloads\workspace\LegisNews\src\main\java\com\legis\demo\domain\Publication_Roo_Configurable.aj
C:\Users\Cristhian\Downloads\workspace\LegisNews\src\main\java\com\legis\demo\domain\Publication_Roo_JavaBean.aj
C:\Users\Cristhian\Downloads\workspace\LegisNews\src\main\java\com\legis\demo\domain\Publication_Roo_Jpa_ActiveRecord.aj
C:\Users\Cristhian\Downloads\workspace\LegisNews\src\main\java\com\legis\demo\domain\Publication_Roo_Jpa_Entity.aj
C:\Users\Cristhian\Downloads\workspace\LegisNews\src\main\java\com\legis\demo\domain\Publication_Roo_ToString.aj
C:\Users\Cristhian\Downloads\workspace\LegisNews\src\main\java\com\legis\demo\service\ActivityService.java
C:\Users\Cristhian\Downloads\workspace\LegisNews\src\main\java\com\legis\demo\service\ActivityServiceImpl.java
C:\Users\Cristhian\Downloads\workspace\LegisNews\src\main\java\com\legis\demo\service\AutorService.java
C:\Users\Cristhian\Downloads\workspace\LegisNews\src\main\java\com\legis\demo\service\AutorServiceImpl.java
C:\Users\Cristhian\Downloads\workspace\LegisNews\src\main\java\com\legis\demo\service\BookService.java
C:\Users\Cristhian\Downloads\workspace\LegisNews\src\main\java\com\legis\demo\service\BookServiceImpl.java
C:\Users\Cristhian\Downloads\workspace\LegisNews\src\main\java\com\legis\demo\service\CategoryService.java
C:\Users\Cristhian\Downloads\workspace\LegisNews\src\main\java\com\legis\demo\service\CategoryServiceImpl.java
C:\Users\Cristhian\Downloads\workspace\LegisNews\src\main\java\com\legis\demo\service\CommentService.java
C:\Users\Cristhian\Downloads\workspace\LegisNews\src\main\java\com\legis\demo\service\CommentServiceImpl.java
C:\Users\Cristhian\Downloads\workspace\LegisNews\src\main\java\com\legis\demo\service\FavoriteService.java
C:\Users\Cristhian\Downloads\workspace\LegisNews\src\main\java\com\legis\demo\service\FavoriteServiceImpl.java
C:\Users\Cristhian\Downloads\workspace\LegisNews\src\main\java\com\legis\demo\service\NewsService.java
C:\Users\Cristhian\Downloads\workspace\LegisNews\src\main\java\com\legis\demo\service\NewsServiceImpl.java
C:\Users\Cristhian\Downloads\workspace\LegisNews\src\main\java\com\legis\demo\service\PublicationService.java
C:\Users\Cristhian\Downloads\workspace\LegisNews\src\main\java\com\legis\demo\service\PublicationServiceImpl.java
